  TDRenderWindow.cpp
c:\users\avito\3ded\3ded\tdrenderwindow.cpp(277): warning C4101: t_bsp_thread: неиспользованная локальная переменная
c:\users\avito\3ded\3ded\tdrenderwindow.cpp(277): warning C4101: t_coord_thread: неиспользованная локальная переменная
  Camera.cpp
c:\users\avito\3ded\3ded\camera.cpp(88): warning C4244: аргумент: преобразование "double" в "float", возможна потеря данных
  Source.cpp
  Polygon.cpp
  Point.cpp
c:\users\avito\3ded\3ded\point.cpp(13): warning C4244: аргумент: преобразование "double" в "float", возможна потеря данных
c:\users\avito\3ded\3ded\point.cpp(17): warning C4244: аргумент: преобразование "double" в "float", возможна потеря данных
  Model.cpp
  Light.cpp
  HSB.cpp
c:\users\avito\3ded\3ded\hsb.cpp(30): warning C4244: =: преобразование "double" в "int", возможна потеря данных
c:\users\avito\3ded\3ded\hsb.cpp(31): warning C4244: =: преобразование "double" в "int", возможна потеря данных
c:\users\avito\3ded\3ded\hsb.cpp(32): warning C4244: =: преобразование "double" в "int", возможна потеря данных
c:\users\avito\3ded\3ded\hsb.cpp(62): warning C4244: =: преобразование "double" в "int", возможна потеря данных
c:\users\avito\3ded\3ded\hsb.cpp(63): warning C4244: =: преобразование "double" в "int", возможна потеря данных
c:\users\avito\3ded\3ded\hsb.cpp(64): warning C4244: =: преобразование "double" в "int", возможна потеря данных
c:\users\avito\3ded\3ded\hsb.cpp(87): warning C4244: аргумент: преобразование "double" в "sf::Uint8", возможна потеря данных
c:\users\avito\3ded\3ded\hsb.cpp(89): warning C4244: аргумент: преобразование "double" в "sf::Uint8", возможна потеря данных
c:\users\avito\3ded\3ded\hsb.cpp(91): warning C4244: аргумент: преобразование "double" в "sf::Uint8", возможна потеря данных
c:\users\avito\3ded\3ded\hsb.cpp(93): warning C4244: аргумент: преобразование "double" в "sf::Uint8", возможна потеря данных
c:\users\avito\3ded\3ded\hsb.cpp(95): warning C4244: аргумент: преобразование "double" в "sf::Uint8", возможна потеря данных
c:\users\avito\3ded\3ded\hsb.cpp(97): warning C4244: аргумент: преобразование "double" в "sf::Uint8", возможна потеря данных
c:\users\avito\3ded\3ded\hsb.cpp(83): warning C4101: t_b: неиспользованная локальная переменная
c:\users\avito\3ded\3ded\hsb.cpp(83): warning C4101: t_g: неиспользованная локальная переменная
c:\users\avito\3ded\3ded\hsb.cpp(83): warning C4101: t_r: неиспользованная локальная переменная
  Editor.cpp
c:\users\avito\3ded\3ded\editor.cpp(97): warning C4244: аргумент: преобразование "double" в "float", возможна потеря данных
c:\users\avito\3ded\3ded\editor.cpp(292): warning C4244: аргумент: преобразование "double" в "float", возможна потеря данных
c:\users\avito\3ded\3ded\editor.cpp(297): warning C4244: аргумент: преобразование "double" в "float", возможна потеря данных
c:\users\avito\3ded\3ded\editor.cpp(302): warning C4244: аргумент: преобразование "double" в "float", возможна потеря данных
c:\users\avito\3ded\3ded\editor.cpp(307): warning C4244: аргумент: преобразование "double" в "float", возможна потеря данных
c:\users\avito\3ded\3ded\editor.cpp(312): warning C4244: аргумент: преобразование "double" в "float", возможна потеря данных
c:\users\avito\3ded\3ded\editor.cpp(317): warning C4244: аргумент: преобразование "double" в "float", возможна потеря данных
c:\users\avito\3ded\3ded\editor.cpp(473): warning C4244: аргумент: преобразование "int" в "float", возможна потеря данных
c:\users\avito\3ded\3ded\editor.cpp(525): warning C4244: аргумент: преобразование "int" в "float", возможна потеря данных
c:\users\avito\3ded\3ded\editor.cpp(602): warning C4244: аргумент: преобразование "int" в "float", возможна потеря данных
c:\users\avito\3ded\3ded\editor.cpp(672): warning C4244: аргумент: преобразование "int" в "float", возможна потеря данных
c:\users\avito\3ded\3ded\editor.cpp(726): warning C4244: аргумент: преобразование "int" в "float", возможна потеря данных
c:\users\avito\3ded\3ded\editor.cpp(789): warning C4244: аргумент: преобразование "double" в "float", возможна потеря данных
  CoordinateSystem.cpp
c:\users\avito\3ded\3ded\coordinatesystem.cpp(264): warning C4244: аргумент: преобразование "double" в "float", возможна потеря данных
  BinaryTree.cpp
  ArrayOfPoints.cpp
c:\users\avito\3ded\3ded\arrayofpoints.cpp(63): warning C4267: return: преобразование из "size_t" в "int"; возможна потеря данных
  Создание кода...
c:\users\avito\3ded\3ded\light.cpp(116): warning C4715: tdrw::Light::getTransformColor: значение возвращается не при всех путях выполнения
c:\users\avito\3ded\3ded\light.cpp(70): warning C4715: tdrw::Light::getTransformColor: значение возвращается не при всех путях выполнения
  3DEd.vcxproj -> C:\Users\avito\3Ded\x64\Debug\3DEd.exe
  3DEd.vcxproj -> C:\Users\avito\3Ded\x64\Debug\3DEd.pdb (Partial PDB)
